PC 1
Сгенерировано пакетов 186
Получено пакетов приоритета 1 0
Получено пакетов приоритета 2 13
Получено пакетов приоритета 3 127
Получено пакетов приоритета 4 11

PC 2
Сгенерировано пакетов 186
Получено пакетов приоритета 1 0
Получено пакетов приоритета 2 14
Получено пакетов приоритета 3 132
Получено пакетов приоритета 4 12

PC 3
Сгенерировано пакетов 187
Получено пакетов приоритета 1 0
Получено пакетов приоритета 2 12
Получено пакетов приоритета 3 125
Получено пакетов приоритета 4 20

PC 4
Сгенерировано пакетов 187
Получено пакетов приоритета 1 0
Получено пакетов приоритета 2 18
Получено пакетов приоритета 3 142
Получено пакетов приоритета 4 10

PC 5
Сгенерировано пакетов 213
Получено пакетов приоритета 1 0
Получено пакетов приоритета 2 19
Получено пакетов приоритета 3 127
Получено пакетов приоритета 4 25

PC 6
Сгенерировано пакетов 214
Получено пакетов приоритета 1 0
Получено пакетов приоритета 2 18
Получено пакетов приоритета 3 130
Получено пакетов приоритета 4 23

Switch 1
Обработано пакетов приоритета 1 2
Обработано пакетов приоритета 2 208
Обработано пакетов приоритета 3 1168
Обработано пакетов приоритета 4 138

Switch 2
Обработано пакетов приоритета 1 0
Обработано пакетов приоритета 2 125
Обработано пакетов приоритета 3 783
Обработано пакетов приоритета 4 162

