advpack.dll
- OK. Файл обновлен.

cnvcnt.dll
- OK. Файл обновлен.

cnvtoc.dll
- OK. Файл обновлен.

flash.exe
- OK. Файл обновлен.

gencnv.dll
- OK. Файл обновлен.

hhc.exe
- OK. Файл обновлен.

hhcout.dll
- OK. Файл обновлен.

hhkout.dll
- OK. Файл обновлен.

hhw.exe
- OK. Файл обновлен.

itcc.dll
- OK. Файл обновлен.

navout.dll
- OK. Файл обновлен.

spcom.dll
- OK. Файл обновлен.

sprbuild.dll
- OK. Файл обновлен.

spredit.dll
- OK. Файл обновлен.

sprfile.dll
- OK. Файл обновлен.

sprlog.dll
- OK. Файл обновлен.

