
     22:12:09    3820 Открыт журнал. 12/04/2023 - C:\Users\olpch\Documents\4 КУРС 2 СЕМЕСТР\ГЕО\LOG\plan.sit.log
     22:12:09    3820 СОЗДАНИЕ КАРТЫ : C:\Users\olpch\Documents\4 КУРС 2 СЕМЕСТР\ГЕО\plan.sit
     22:12:09    3820 СОЗДАНИ, plan
     22:12:09    3820 Журнал закрыт. 12/04/2023
     22:12:09    3820 Открыт журнал. 12/04/2023 - C:\Users\olpch\Documents\4 КУРС 2 СЕМЕСТР\ГЕО\LOG\plan.sit.log
     22:12:09    3820 Журнал закрыт. 12/04/2023
     22:12:09    3820 Открыт журнал. 12/04/2023 - C:\Users\olpch\Documents\4 КУРС 2 СЕМЕСТР\ГЕО\LOG\plan.sit.log
     22:15:02    3820 Паспорт карты обновлен
     22:15:37    3820 Запуск приложения - Паспорт карты
     22:16:10    3820 Паспорт карты обновлен
     22:16:10    3820   ПАСПОРТ КАРТЫ ИЗМЕНЁН
     22:16:14    3820 Завершение приложения - Паспорт карты
     22:16:21    3820 Запуск приложения - Паспорт карты
     22:16:29    3820 Паспорт карты обновлен
     22:16:29    3820   ПАСПОРТ КАРТЫ ИЗМЕНЁН
     22:17:52    3820 Завершение приложения - Паспорт карты
     22:17:56    3820 Запуск приложения - Паспорт карты
     22:24:44    3820 Завершение приложения - Паспорт карты
     22:30:36    3820 Журнал закрыт. 12/04/2023
     12:09:42    4290 Открыт журнал. 13/04/2023 - C:\Users\olpch\Documents\4 КУРС 2 СЕМЕСТР\ГЕО\LOG\plan.sit.log
     12:09:42    4290 Запуск приложения - База данных
     12:10:00    4290 Журнал закрыт. 13/04/2023