
     21:54:01    3820 Открыт журнал. 12/04/2023 - C:\Users\olpch\Documents\4 КУРС 2 СЕМЕСТР\ГЕО\LOG\zad3.sit.log
     21:54:01    3820 СОЗДАНИЕ КАРТЫ : C:\Users\olpch\Documents\4 КУРС 2 СЕМЕСТР\ГЕО\zad3.sit
     21:54:01    3820 СОЗДАНИ, zad3
     21:54:01    3820 Журнал закрыт. 12/04/2023
     21:54:01    3820 Открыт журнал. 12/04/2023 - C:\Users\olpch\Documents\4 КУРС 2 СЕМЕСТР\ГЕО\LOG\zad3.sit.log
     21:54:01    3820 Журнал закрыт. 12/04/2023
     21:54:01    3820 Открыт журнал. 12/04/2023 - C:\Users\olpch\Documents\4 КУРС 2 СЕМЕСТР\ГЕО\LOG\zad3.sit.log
     21:55:27    3820 Запуск приложения - Паспорт карты
     21:57:02    3820 Паспорт карты обновлен
     21:57:02    3820   ПАСПОРТ КАРТЫ ИЗМЕНЁН
     21:57:04    3820 Завершение приложения - Паспорт карты
     21:57:36    3820 Запуск приложения - Паспорт карты
     21:57:46    3820 Паспорт карты обновлен
     21:57:46    3820   ПАСПОРТ КАРТЫ ИЗМЕНЁН
     21:57:47    3820 Завершение приложения - Паспорт карты
     21:58:24    3820 Запуск приложения - Паспорт карты
     21:58:39    3820 Паспорт карты обновлен
     21:58:39    3820   ПАСПОРТ КАРТЫ ИЗМЕНЁН
     21:58:41    3820 Завершение приложения - Паспорт карты
     22:00:23    3820 Запуск приложения - Паспорт карты
     22:00:37    3820 Паспорт карты обновлен
     22:00:37    3820   ПАСПОРТ КАРТЫ ИЗМЕНЁН
     22:00:39    3820 Завершение приложения - Паспорт карты
     22:01:29    3820 Запуск приложения - Редактор классификатора
     22:01:34    3820 Завершение приложения - Редактор классификатора
     22:01:38    3820 Запуск приложения - Редактор карты
     22:01:43    3820 Запуск приложения - Паспорт карты
     22:01:58    3820 Паспорт карты обновлен
     22:01:58    3820   ПАСПОРТ КАРТЫ ИЗМЕНЁН
     22:02:00    3820 Завершение приложения - Паспорт карты
     22:02:55    3820 Запуск приложения - Паспорт карты
     22:03:20    3820 Паспорт карты обновлен
     22:03:20    3820   ПАСПОРТ КАРТЫ ИЗМЕНЁН
     22:03:21    3820 Завершение приложения - Паспорт карты
     22:04:31    3820 Запуск приложения - Паспорт карты
     22:06:08    3820 Паспорт карты обновлен
     22:06:08    3820   ПАСПОРТ КАРТЫ ИЗМЕНЁН
     22:06:08    3820 Завершение приложения - Паспорт карты
     22:10:34    3820 Запуск приложения - Редактор карты
     22:10:38    3820 Запуск приложения - Паспорт карты
     22:10:58    3820 Завершение приложения - Паспорт карты
     22:12:16    3820 Запуск приложения - Паспорт карты
     22:12:47    3820 Паспорт карты обновлен
     22:12:47    3820   ПАСПОРТ КАРТЫ ИЗМЕНЁН
     22:13:11    3820 Паспорт карты обновлен
     22:13:11    3820   ПАСПОРТ КАРТЫ ИЗМЕНЁН
     22:15:02    3820   ПАСПОРТ КАРТЫ ИЗМЕНЁН
     22:15:03    3820 Завершение приложения - Паспорт карты
     22:30:36    3820 Журнал закрыт. 12/04/2023