
     12:18:51    31dc Открыт журнал. 16/02/2023 - C:\Users\olpch\Documents\4 КУРС 2 СЕМЕСТР\ГЕО\Lab3\LOG\LAB3.sit.log
     12:18:51    31dc СОЗДАНИЕ КАРТЫ : C:\Users\olpch\Documents\4 КУРС 2 СЕМЕСТР\ГЕО\Lab3\LAB3.sit
     12:18:51    31dc СОЗДАНИ, Lyon
     12:18:51    31dc Журнал закрыт. 16/02/2023
     12:18:51    31dc Открыт журнал. 16/02/2023 - C:\Users\olpch\Documents\4 КУРС 2 СЕМЕСТР\ГЕО\Lab3\LOG\LAB3.sit.log
     12:18:51    31dc Журнал закрыт. 16/02/2023
     12:18:51    31dc Открыт журнал. 16/02/2023 - C:\Users\olpch\Documents\4 КУРС 2 СЕМЕСТР\ГЕО\Lab3\LOG\LAB3.sit.log
     12:19:28    31dc Запуск приложения - Паспорт карты
     12:22:29    31dc Паспорт карты обновлен
     12:22:29    31dc   ПАСПОРТ КАРТЫ ИЗМЕНЁН
     12:22:38    31dc Завершение приложения - Паспорт карты
     12:25:38    31dc Запуск приложения - Паспорт карты
     12:26:26    31dc Завершение приложения - Паспорт карты
     12:31:37    31dc Запуск приложения - Редактор карты
     12:43:39    31dc Запуск приложения - Паспорт карты
     12:43:41    31dc Завершение приложения - Паспорт карты
     12:44:23    31dc Запуск приложения - Редактор карты
     13:15:57    31dc Запуск приложения - Навигатор 3D
     13:19:15    31dc Запуск приложения - Навигатор 3D
     13:19:28    31dc Запуск приложения - Навигатор 3D
     13:21:29    31dc Запуск приложения - Навигатор 3D
     13:39:03    31dc Запуск приложения - Редактор карты
     13:49:50    31dc Запуск приложения - Редактор карты
     14:07:05    31dc Запуск приложения - Редактор карты
     14:34:25    31dc Журнал закрыт. 16/02/2023
     16:13:58    3204 Открыт журнал. 16/02/2023 - C:\Users\olpch\Documents\4 КУРС 2 СЕМЕСТР\ГЕО\Lab3\LOG\LAB3.sit.log
     16:13:59    3204 Запуск приложения - Редактор карты
     16:16:41    3204 Журнал закрыт. 16/02/2023
     13:50:32    2ea8 Открыт журнал. 28/03/2023 - C:\Users\olpch\Documents\4 КУРС 2 СЕМЕСТР\ГЕО\Lab3\LOG\LAB3.sit.log
     13:59:08    2ea8 Журнал закрыт. 28/03/2023
     14:03:05    5f00 Открыт журнал. 28/03/2023 - C:\Users\olpch\Documents\4 КУРС 2 СЕМЕСТР\ГЕО\Lab3\LOG\LAB3.sit.log
     14:03:05    5f00 Запуск приложения - База данных
     15:06:19    5f00 Журнал закрыт. 28/03/2023
     12:02:30    2294 Открыт журнал. 30/03/2023 - C:\Users\olpch\Documents\4 КУРС 2 СЕМЕСТР\ГЕО\Lab3\LOG\LAB3.sit.log
     12:02:30    2294 Запуск приложения - База данных
     12:12:21    2294 Журнал закрыт. 30/03/2023
     12:31:23    bb4 Открыт журнал. 30/03/2023 - C:\Users\olpch\Documents\4 КУРС 2 СЕМЕСТР\ГЕО\Lab3\LOG\LAB3.sit.log
     12:31:23    bb4 Запуск приложения - База данных
     12:31:42    bb4 Запуск приложения - Редактор карты
     12:47:23    bb4 Журнал закрыт. 30/03/2023
     12:47:31    3648 Открыт журнал. 30/03/2023 - C:\Users\olpch\Documents\4 КУРС 2 СЕМЕСТР\ГЕО\Lab3\LOG\LAB3.sit.log
     12:47:31    3648 Запуск приложения - База данных
     12:47:38    3648 Журнал закрыт. 30/03/2023
     12:49:06    1610 Открыт журнал. 30/03/2023 - C:\Users\olpch\Documents\4 КУРС 2 СЕМЕСТР\ГЕО\Lab3\LOG\LAB3.sit.log
     12:49:06    1610 Запуск приложения - База данных
     12:54:25    1610 Журнал закрыт. 30/03/2023
     12:54:34    42f8 Открыт журнал. 30/03/2023 - C:\Users\olpch\Documents\4 КУРС 2 СЕМЕСТР\ГЕО\Lab3\LOG\LAB3.sit.log
     12:54:38    42f8 Запуск приложения - База данных
     14:22:11    42f8 Запуск приложения - Паспорт карты
     14:22:18    42f8 Завершение приложения - Паспорт карты
     14:22:20    42f8 Журнал закрыт. 30/03/2023