
     22:39:15    3734 Открыт журнал. 12/04/2023 - E:\4 курс\Геоинформационные системы\plan\LOG\plan 2.sit.log
     22:39:15    3734 СОЗДАНИЕ КАРТЫ : E:\4 курс\Геоинформационные системы\plan\plan 2.sit
     22:39:15    3734 СОЗДАНИ, 0.
     22:39:16    3734 Журнал закрыт. 12/04/2023
     22:39:16    3734 Открыт журнал. 12/04/2023 - E:\4 курс\Геоинформационные системы\plan\LOG\plan 2.sit.log
     22:39:16    3734 Журнал закрыт. 12/04/2023
     22:39:16    3734 Открыт журнал. 12/04/2023 - E:\4 курс\Геоинформационные системы\plan\LOG\plan 2.sit.log
     22:39:16    3734 Запуск приложения - База данных
     22:39:30    3734 Запуск приложения - Редактор карты
     22:40:16    3734 Запуск приложения - Расчеты по карте
     22:41:17    3734 Журнал закрыт. 12/04/2023
     22:43:18    3734 Открыт журнал. 12/04/2023 - E:\4 курс\Геоинформационные системы\plan\LOG\plan 2.sit.log
     22:43:18    3734 Запуск приложения - База данных
     22:43:30    3734 Запуск приложения - Паспорт карты
     22:43:51    3734 Завершение приложения - Паспорт карты
     22:43:54    3734 Запуск приложения - Редактор карты
     22:45:14    3734 Запуск приложения - Расчеты по карте
     23:02:00    3734 Журнал закрыт. 12/04/2023
     12:02:55    1f3c Открыт журнал. 13/04/2023 - E:\4 курс\Геоинформационные системы\plan\LOG\plan 2.sit.log
     12:02:56    1f3c Запуск приложения - База данных
     12:03:49    1f3c Запуск приложения - Редактор карты
     12:07:40    1f3c Запуск приложения - Расчеты по карте
     12:14:44    3a0c Открыт журнал. 13/04/2023 - D:\plan\LOG\plan 2.sit.log
>>>> 12:14:44    3a0c Structure control - Previous open map fault
>>>> 12:14:44    3a0c Исправлена метрика объекта - 1
     12:14:46    3a0c Запуск приложения - База данных
     12:14:47    3a0c Запуск приложения - Редактор карты
     12:14:51    3a0c Журнал закрыт. 13/04/2023