
     22:08:28    34d8 Открыт журнал. 12/04/2023 - E:\4 курс\Геоинформационные системы\plan\LOG\plan.sit.log
     22:08:28    34d8 СОЗДАНИЕ КАРТЫ : E:\4 курс\Геоинформационные системы\plan\plan.sit
     22:08:28    34d8 СОЗДАНИ, 0.
     22:08:28    34d8 Журнал закрыт. 12/04/2023
     22:08:29    34d8 Открыт журнал. 12/04/2023 - E:\4 курс\Геоинформационные системы\plan\LOG\plan.sit.log
     22:08:29    34d8 Журнал закрыт. 12/04/2023
     22:08:29    34d8 Открыт журнал. 12/04/2023 - E:\4 курс\Геоинформационные системы\plan\LOG\plan.sit.log
     22:08:29    34d8 Запуск приложения - База данных
     22:09:44    34d8 Запуск приложения - Паспорт карты
     22:10:37    34d8 Завершение приложения - Паспорт карты
     22:11:04    34d8 Запуск приложения - Редактор карты
     22:17:05    34d8 Запуск приложения - Расчеты по карте
     22:27:42    34d8 Запуск приложения - Паспорт карты
     22:27:44    34d8 Завершение приложения - Паспорт карты
     22:27:47    34d8 Журнал закрыт. 12/04/2023
     22:29:52    3734 Открыт журнал. 12/04/2023 - E:\4 курс\Геоинформационные системы\plan\LOG\plan.sit.log
     22:29:52    3734 Запуск приложения - База данных
     22:29:53    3734 Запуск приложения - Редактор карты
     22:29:54    3734 Запуск приложения - Расчеты по карте
     22:37:02    3734 Журнал закрыт. 12/04/2023
     22:41:22    3734 Открыт журнал. 12/04/2023 - E:\4 курс\Геоинформационные системы\plan\LOG\plan.sit.log
     22:41:22    3734 Запуск приложения - База данных
     22:41:46    3734 Запуск приложения - Редактор карты
     22:42:32    3734 Запуск приложения - Расчеты по карте
     22:43:14    3734 Журнал закрыт. 12/04/2023