
     13:49:52    42f8 Открыт журнал. 30/03/2023 - C:\Users\olpch\Documents\4 КУРС 2 СЕМЕСТР\ГЕО\lab4\LOG\SHV11032023.sit.log
     13:49:52    42f8 СОЗДАНИЕ КАРТЫ : C:\Users\olpch\Documents\4 КУРС 2 СЕМЕСТР\ГЕО\lab4\SHV11032023.sit
     13:49:52    42f8 СОЗДАНИ, 0.1
     13:49:52    42f8 Журнал закрыт. 30/03/2023
     13:49:52    42f8 Открыт журнал. 30/03/2023 - C:\Users\olpch\Documents\4 КУРС 2 СЕМЕСТР\ГЕО\lab4\LOG\SHV11032023.sit.log
     13:49:52    42f8 Журнал закрыт. 30/03/2023
     13:49:52    42f8 Открыт журнал. 30/03/2023 - C:\Users\olpch\Documents\4 КУРС 2 СЕМЕСТР\ГЕО\lab4\LOG\SHV11032023.sit.log
     14:22:20    42f8 Журнал закрыт. 30/03/2023
     14:22:32    5f4 Открыт журнал. 30/03/2023 - C:\Users\olpch\Documents\4 КУРС 2 СЕМЕСТР\ГЕО\lab4\LOG\SHV11032023.sit.log
     14:22:32    5f4 Запуск приложения - База данных
     14:31:45    5f4 Запуск приложения - Паспорт карты
     14:33:16    5f4 Завершение приложения - Паспорт карты
     14:33:18    5f4 Журнал закрыт. 30/03/2023
     12:37:58    3d88 Открыт журнал. 11/04/2023 - C:\Users\olpch\Documents\4 КУРС 2 СЕМЕСТР\ГЕО\lab4\LOG\SHV11032023.sit.log
     12:37:58    3d88 Запуск приложения - База данных
     12:38:41    3d88 Запуск приложения - Паспорт карты
     12:40:33    3d88 Завершение приложения - Паспорт карты
     12:47:59    3d88 Запуск приложения - Паспорт карты
     12:50:14    3d88 Завершение приложения - Паспорт карты
     13:16:18    3d88 Запуск приложения - Редактор карты
     13:16:55    3d88 Запуск приложения - Паспорт карты
     13:16:56    3d88 Завершение приложения - Паспорт карты
     14:15:56    3d88 Журнал закрыт. 11/04/2023