F7lr/4B4hvt9JD3HEO6X20o1I3AFKzFjVvjbvUIgc+HI/asTb47tHDZgZZrm7EVxkPySPEw/4faTxS8N4TzZTg54z24r4L8KT0RxVlT7K+nL6YGgzzK10GGH
wkDUr1XKVmkmm5iYWSu0jN96FSlGyp0VLPbErf+vx0ewXKXBqbj5s700ESknc/0uWazRnZxYfFqEyMemN9exPUEnw8utjsMsTKdS6SUPWyMqt0gBNVqesFOs5qdcJ0FsVoKy4f1ZAwc/GqUYduQtjrd4bVUwWLro3OvpMhMBJ9lx6PHqrlzn+nv0944PQDnCBO+DTevNKXTf5j0UYUM=
gbe+Yv03qpMNVvXf/z1D8v/y7N/RTqW8ga40GbZXGllJib2KriptOAul+/vP5l3kthjVekaElanQpEIULBcRzpP93yWBFAkWTqAfBosID3LPvME+9BN7sQsx0YgvGsXoYb8=
gOxTmuxFs6hdw9lojNuZiKi0iC8ajLGhGRhJ8a+SZuULWGvRG9qoiEl0k5L5M20PNonODHWXZJp9tL7mQ+yjdgtg7+oNhIy97zOb123C58Sh2mGJ
wYU8WDepyONjSbozv0e5Q7J7OCEcdigcIYxETcSvz14wdqMqZqTTwAf7OxZfmadJUzVnnwtfR1jQGawjfgc5u/GPzWGY
MxTjGEQvAvVrConsXsLtJvsx8iTyklNHvlynDDc/q34ihrjF5mlvxI1OnCH8Gn2CsFbUM+PjEMkxOtj2LZ1T+aMeM1/FIs0GfqK8Lceci9LJm/tD65szBAewc6rQ2fa7ip8Bmm40GneQgg8zUizU9jM6kkLc58FbDyNiTx23T0OeinjnRHulSTe04bXEKUUr5HsZPtYn3yaB9YJIpAilwxRM0nTVJXe1ZDeUzXK1QjoceG+ZmzG53S7rA5giJd4Yw/QZDHTYHrBlh9K1Q5qrB1Ap3/s+94lhhHnfL3G5bMQRBKW/5J+2zFEh2KoA4zzkHFGBMT5NXdxpi6nGldBeSnv494pDZK9m1fB8IUcXuzsVFvd4KZ5hxQ==
Oqm4/yjK1izSsIQw0nYKv20TII7Fnn299klRkx/n9B8hqVXcp9yizJRfl9uHYO6+X7V5fgeAhBlOcKqXw3Rpvyircj2ft9hPv121iAsgQmV5I4mnKg+Usdbzx8HpP5UiDK7QtH4lvQQJ6mSGizM8UCnczT0rhjXmCuF4aRqOkE/Cd4hAyzygjqb1OoFdPRqmjK2wSgqtqUyqX6UHbA43Fp09aGrtNpN/WMdmsn7ogrBwCkFSqbuu4RxZPgiSL4cwEKYT3fUdC37FDoMTrs5aYf+D3L4Yq6zkOskiwqATkAPstC+vZQEYDiLGX8eoZCWCZrRfksAVxoQg/X+PMsWZRyXmASU5M00JOX+V45kgDqUy0yA758NvM5Nhxg==
I/iV86k0BRev0BwW3V/Ub3aRUUIiiVflHTZXp2id+aWOXJWsZJAX4oflEy/WkHeyo6gQDCxiiMHelS+wJcIMRSTGHZa4eqR3G1+Qfdl2iNI1gXMta3KD231eDfJWrqzJn8BrRkE3C4eTpzMwb3yjDkhFVu/CczGeVshaAzgOn1eK8LTiOxbiBiRbQe/nbzJrBatvl1bmyGP8B2W9H7jxUZx1pb9s1+n6rhvfEuk5Uuw8lAWXXKDicO3ZN8HMuwSpqmkiLhRUH91jjTlpxqdTvDo5/swLmKmIzKTeRE2LwlEbxkuT2IUvP0bLiVXstQ+L6SXMkFnolbvcY/a4+a1Iztg/XPAUffF1xvHdaIHH+eKNzH6es5RHDvsYb5L9/GzFH0tbr526B7xRomHx
j/7ExqCKnGdN/d86OEU/hHy6L9sspJ5MM8xP8g49I61HKJ2xsu5rZ/X/XYjUyg1lq0p9yF7dDDDoUxk8Ewv6eyBJJV8C6939VyyRSPiR67MbE9CHDjVUc0VFc7dvlp4+QkDETSeg60oGIlHbhiR7DB+JUc7vIkihOq3Axup7EKfaNPHUeqrE1dilR1UgUp69on7wpbNIqF+nA3YGzSKPLXqe116JW7rnBJakALjEItqTZtPzdCVeGXzMSGf9hMJ2QalP9dHap65htzSm4JVtE04K4iM2YLhJoEY6m2q3fiS9W99pgqrAZj1jcoyf9jRkjSa6XRxAYr09S+iN43P3NlNRA9iULVtfd8eDSDRRIMMyDx3LdTeRYcQ=
DJ7h0urEyV8gJ6lphn0i1bSSjKSrpGhjFudl/I99e3FdFOz3T143p1Lr5546ruLvxpS6ebbTvG8GBVaVbnqoiTho6CUYIM2t6bSa/5CfptexxftUmB+tTXvI1i6ij+r4pJ37pBfaU0xJd4gWNcDeWtsouV5j9K/29SA88ecHOyu1xreoCQ5hVQ==
z6tlQPoGFx2sdQ6jThIfGld4tORIV49R3K/B7fLp0FkoEiaQr7GsYC0dV1zzFH96Pci4sjFSc9yu6ZkspAldpJ3XJF5F2J7yS9BQV1OsL56lGBw5F5/7A6W+1yC51mG9
4C/GfQQ8S5GOkrSF8dzZmhZb3vvJDbMvgx/DTO93vetdRLqlyao+ve0vTKDzk6e24zHznCLNK19HZ3MIBHFQQ2IvDYvll8FhlA==
D/Sqv/Eb+7AMGujKdHDT8hdb3vvJDbMvgx/DTO93vetdRLqlyao+ve0vTKDzk6e24zHznCLNK19HZ3MIBHFQQ2IvDYvll8FhlA==
FguN/66xY9dxzbegKf4z4RRb3vvJDbMvgx/DTO93vetdRLqlyao+ve0vTKDzk6e24zHznCLNK19HZ3MIBHFQQ2IvDYvll8FhlA==
wjZnDvO3iN0fIrr16uWjExVb3vvJDbMvgx/DTO93vetdRLqlyao+ve0vTKDzk6e24zHznCLNK19HZ3MIBHFQQ2IvDYvll8FhlA==
SEpIu0AaxslG7zHsa7pX3kQp25VrNzGLFUX378fXn/xDL1mL+fwWNbUiuj1pp7AwXysDVofpXyz+he8fg68v+GipdGOGV+Gb2Z/FYZA=
o69L4koydM73od11AqjVGkUp25VrNzGLFUX378fXn/xDL1mL+fwWNbUiuj1pp7AwXysDVofpXyz+he8fg68v+GipdGOGV+Gb2Z/FYZA=
iF+y4AV5D55Fe1EUHW0ITUN0552GQ/Rh0A7cTPUk+O1YR7uupO4vquo8R7Dzk6e24zHznCLNK19HZ3MIBHFQQ2IvDYvll8FhlA==
b7FT2UWxhBYXyPIvxaJBoEN0552GQ/Rh0AreQvUk+O1YR7uupO4vquo8R7Dzk6e24zHznCLNK19HZ3MIBHFQQ2IvDYvll8FhlA==
GVGb4R695f/oOhFBK/+UyhGk/2LKYIdExGG2KHOj4Cs750RZWkmc5Pkg4VLuJHeyWHkHVo8YSUokJxO1K3U5PL/ujcxhmw==
bIjUi8bOzdrPSEr+qVbNFi+Eq/YuNL3SRQVkqRS99gSMyLGKrvwnGvjRt+4PoPnihI/D7est6VRfhn20YeM=
cQ5+L3lo+ENC+KEnhXUeAjS8s1C0uiPZx/UYXr4keQdF5iFl2bQoyRl/daM5oK7l0tMA+0dDj3OzYeY=
8giQbAiXv3jozAAsaa4T1HaRUUIiiVflHTZXp2id+aWOXJWsZJAX4oflEy/WkHeyo6gQDCxiiMHelS+wJcIMRSTGHZa4eqR3G1+Qfdl2iNI1gXMta3KD231eDfJWrqzJn8BrRkE3C4eTpzMwb3yjDkhFVu/CczGeVshaAzgOn1eK8LTiOxbiBiRbQe/nbzJrBatvl1bmyGP8B2W9H7jxUZx1pb9s1+n6rhvfEuk5Uuw8lAWXXKDicO3ZN8HMuwSpqmkiLhRUH91jjTlpxqdTvDo5/swLmKmIzKTeRE2LwlEbxkuT2IUvP0bLiVXstQ+L6SXMkFnolbvcY/a4+a1Iztg/XPAUffF1xvHdaIHH+eKNzH6es5RBC/sYb5L9/GzFH0tbr526B7xRomHx
